<?xml version="1.0" encoding="UTF-8"?>
<!-- Generated by org.testng.reporters.JUnitReportReporter -->
<testsuite hostname="DESKTOP-J8QSM23" failures="0" tests="1" name="WebElementAPIs.WebElementAPI" time="22.174" errors="0" timestamp="2025-06-26T22:17:36 IST" skipped="0">
  <testcase classname="WebElementAPIs.WebElementAPI" name="WebElementAPIs" time="22.174"/>
</testsuite> <!-- WebElementAPIs.WebElementAPI -->
