<?xml version="1.0" encoding="UTF-8"?>
<!-- Generated by org.testng.reporters.JUnitReportReporter -->
<testsuite hostname="BRADY-LAPTOP" failures="0" tests="1" name="TestNGExecutions.FinalAssignmentTest" time="6.978" errors="0" timestamp="2025-07-27T23:23:49 EDT" skipped="0">
  <testcase classname="TestNGExecutions.FinalAssignmentTest" name="TC_DEMOQA_001" time="6.978"/>
</testsuite> <!-- TestNGExecutions.FinalAssignmentTest -->
