<?xml version="1.0" encoding="UTF-8"?>
<!-- Generated by org.testng.reporters.JUnitReportReporter -->
<testsuite hostname="BRADY-LAPTOP" failures="0" tests="4" name="pac3.PreserveOrderTest" time="0.012" errors="0" timestamp="2025-07-16T22:20:22 EDT" skipped="0">
  <testcase classname="pac3.PreserveOrderTest" name="B" time="0.008"/>
  <testcase classname="pac3.PreserveOrderTest" name="A" time="0.001"/>
  <testcase classname="pac3.PreserveOrderTest" name="C" time="0.002"/>
  <testcase classname="pac3.PreserveOrderTest" name="D" time="0.001"/>
</testsuite> <!-- pac3.PreserveOrderTest -->
