<?xml version="1.0" encoding="UTF-8"?>
<!-- Generated by org.testng.reporters.JUnitReportReporter -->
<testsuite hostname="BRADY-LAPTOP" failures="0" tests="1" name="WindowHandling.FrameHandlingTest" time="3.282" errors="0" timestamp="2025-07-18T12:52:28 EDT" skipped="0">
  <testcase classname="WindowHandling.FrameHandlingTest" name="framehandlingTest" time="3.282"/>
</testsuite> <!-- WindowHandling.FrameHandlingTest -->
