<?xml version="1.0" encoding="UTF-8"?>
<!-- Generated by org.testng.reporters.JUnitReportReporter -->
<testsuite hostname="BRADY-LAPTOP" failures="0" tests="1" name="TestNGExecutions.AlertTest" time="6.898" errors="0" timestamp="2025-07-20T22:32:47 EDT" skipped="0">
  <testcase classname="TestNGExecutions.AlertTest" name="AlertTests" time="6.898"/>
</testsuite> <!-- TestNGExecutions.AlertTest -->
