<?xml version="1.0" encoding="UTF-8"?>
<!-- Generated by org.testng.reporters.JUnitReportReporter -->
<testsuite hostname="BRADY-LAPTOP" failures="0" tests="3" name="TestCases.DemoQAFormTest" time="18.696" errors="0" timestamp="2025-07-27T19:38:25 EDT" skipped="0">
  <testcase classname="TestCases.DemoQAFormTest" name="TC_DEMOQA_001" time="9.810"/>
  <testcase classname="TestCases.DemoQAFormTest" name="TC_DEMOQA_002" time="4.811"/>
  <testcase classname="TestCases.DemoQAFormTest" name="TC_DEMOQA_003" time="4.075"/>
</testsuite> <!-- TestCases.DemoQAFormTest -->
