<?xml version="1.0" encoding="UTF-8"?>
<!-- Generated by org.testng.reporters.JUnitReportReporter -->
<testsuite hostname="BRADY-LAPTOP" failures="0" tests="155" name="pac2.DisableTest" time="0.137" errors="0" timestamp="2025-07-16T22:16:31 EDT" skipped="4">
  <testcase classname="pac2.DisableTest" name="registration" time="0.001"/>
  <testcase classname="pac2.DisableTest" name="registration" time="0.001"/>
  <testcase classname="pac2.DisableTest" name="registration" time="0.000"/>
  <testcase classname="pac2.DisableTest" name="registration" time="0.001"/>
  <testcase classname="pac2.DisableTest" name="registration" time="0.000"/>
  <testcase classname="pac2.DisableTest" name="registration" time="0.001"/>
  <testcase classname="pac2.DisableTest" name="registration" time="0.000"/>
  <testcase classname="pac2.DisableTest" name="registration" time="0.001"/>
  <testcase classname="pac2.DisableTest" name="registration" time="0.001"/>
  <testcase classname="pac2.DisableTest" name="registration" time="0.002"/>
  <testcase classname="pac2.DisableTest" name="registration" time="0.001"/>
  <testcase classname="pac2.DisableTest" name="registration" time="0.001"/>
  <testcase classname="pac2.DisableTest" name="registration" time="0.001"/>
  <testcase classname="pac2.DisableTest" name="registration" time="0.001"/>
  <testcase classname="pac2.DisableTest" name="registration" time="0.001"/>
  <testcase classname="pac2.DisableTest" name="registration" time="0.001"/>
  <testcase classname="pac2.DisableTest" name="registration" time="0.001"/>
  <testcase classname="pac2.DisableTest" name="registration" time="0.000"/>
  <testcase classname="pac2.DisableTest" name="registration" time="0.001"/>
  <testcase classname="pac2.DisableTest" name="registration" time="0.001"/>
  <testcase classname="pac2.DisableTest" name="registration" time="0.001"/>
  <testcase classname="pac2.DisableTest" name="registration" time="0.000"/>
  <testcase classname="pac2.DisableTest" name="registration" time="0.001"/>
  <testcase classname="pac2.DisableTest" name="registration" time="0.000"/>
  <testcase classname="pac2.DisableTest" name="registration" time="0.002"/>
  <testcase classname="pac2.DisableTest" name="registration" time="0.002"/>
  <testcase classname="pac2.DisableTest" name="registration" time="0.001"/>
  <testcase classname="pac2.DisableTest" name="registration" time="0.001"/>
  <testcase classname="pac2.DisableTest" name="registration" time="0.000"/>
  <testcase classname="pac2.DisableTest" name="registration" time="0.001"/>
  <testcase classname="pac2.DisableTest" name="registration" time="0.000"/>
  <testcase classname="pac2.DisableTest" name="registration" time="0.002"/>
  <testcase classname="pac2.DisableTest" name="registration" time="0.001"/>
  <testcase classname="pac2.DisableTest" name="registration" time="0.000"/>
  <testcase classname="pac2.DisableTest" name="registration" time="0.002"/>
  <testcase classname="pac2.DisableTest" name="registration" time="0.001"/>
  <testcase classname="pac2.DisableTest" name="registration" time="0.000"/>
  <testcase classname="pac2.DisableTest" name="registration" time="0.001"/>
  <testcase classname="pac2.DisableTest" name="registration" time="0.001"/>
  <testcase classname="pac2.DisableTest" name="registration" time="0.000"/>
  <testcase classname="pac2.DisableTest" name="registration" time="0.000"/>
  <testcase classname="pac2.DisableTest" name="registration" time="0.000"/>
  <testcase classname="pac2.DisableTest" name="registration" time="0.001"/>
  <testcase classname="pac2.DisableTest" name="registration" time="0.001"/>
  <testcase classname="pac2.DisableTest" name="registration" time="0.001"/>
  <testcase classname="pac2.DisableTest" name="registration" time="0.000"/>
  <testcase classname="pac2.DisableTest" name="registration" time="0.000"/>
  <testcase classname="pac2.DisableTest" name="registration" time="0.001"/>
  <testcase classname="pac2.DisableTest" name="registration" time="0.001"/>
  <testcase classname="pac2.DisableTest" name="registration" time="0.001"/>
  <testcase classname="pac2.DisableTest" name="registration" time="0.001"/>
  <testcase classname="pac2.DisableTest" name="registration" time="0.001"/>
  <testcase classname="pac2.DisableTest" name="registration" time="0.001"/>
  <testcase classname="pac2.DisableTest" name="registration" time="0.001"/>
  <testcase classname="pac2.DisableTest" name="registration" time="0.001"/>
  <testcase classname="pac2.DisableTest" name="registration" time="0.001"/>
  <testcase classname="pac2.DisableTest" name="registration" time="0.001"/>
  <testcase classname="pac2.DisableTest" name="registration" time="0.000"/>
  <testcase classname="pac2.DisableTest" name="registration" time="0.001"/>
  <testcase classname="pac2.DisableTest" name="registration" time="0.001"/>
  <testcase classname="pac2.DisableTest" name="registration" time="0.000"/>
  <testcase classname="pac2.DisableTest" name="registration" time="0.000"/>
  <testcase classname="pac2.DisableTest" name="registration" time="0.001"/>
  <testcase classname="pac2.DisableTest" name="registration" time="0.001"/>
  <testcase classname="pac2.DisableTest" name="registration" time="0.001"/>
  <testcase classname="pac2.DisableTest" name="registration" time="0.002"/>
  <testcase classname="pac2.DisableTest" name="registration" time="0.001"/>
  <testcase classname="pac2.DisableTest" name="registration" time="0.001"/>
  <testcase classname="pac2.DisableTest" name="registration" time="0.000"/>
  <testcase classname="pac2.DisableTest" name="registration" time="0.001"/>
  <testcase classname="pac2.DisableTest" name="registration" time="0.000"/>
  <testcase classname="pac2.DisableTest" name="registration" time="0.000"/>
  <testcase classname="pac2.DisableTest" name="registration" time="0.001"/>
  <testcase classname="pac2.DisableTest" name="registration" time="0.000"/>
  <testcase classname="pac2.DisableTest" name="registration" time="0.001"/>
  <testcase classname="pac2.DisableTest" name="registration" time="0.001"/>
  <testcase classname="pac2.DisableTest" name="registration" time="0.001"/>
  <testcase classname="pac2.DisableTest" name="registration" time="0.001"/>
  <testcase classname="pac2.DisableTest" name="registration" time="0.001"/>
  <testcase classname="pac2.DisableTest" name="registration" time="0.002"/>
  <testcase classname="pac2.DisableTest" name="registration" time="0.000"/>
  <testcase classname="pac2.DisableTest" name="registration" time="0.001"/>
  <testcase classname="pac2.DisableTest" name="registration" time="0.001"/>
  <testcase classname="pac2.DisableTest" name="registration" time="0.001"/>
  <testcase classname="pac2.DisableTest" name="registration" time="0.000"/>
  <testcase classname="pac2.DisableTest" name="registration" time="0.001"/>
  <testcase classname="pac2.DisableTest" name="registration" time="0.001"/>
  <testcase classname="pac2.DisableTest" name="registration" time="0.000"/>
  <testcase classname="pac2.DisableTest" name="registration" time="0.000"/>
  <testcase classname="pac2.DisableTest" name="registration" time="0.001"/>
  <testcase classname="pac2.DisableTest" name="registration" time="0.001"/>
  <testcase classname="pac2.DisableTest" name="registration" time="0.000"/>
  <testcase classname="pac2.DisableTest" name="registration" time="0.000"/>
  <testcase classname="pac2.DisableTest" name="registration" time="0.000"/>
  <testcase classname="pac2.DisableTest" name="registration" time="0.001"/>
  <testcase classname="pac2.DisableTest" name="registration" time="0.001"/>
  <testcase classname="pac2.DisableTest" name="registration" time="0.001"/>
  <testcase classname="pac2.DisableTest" name="registration" time="0.001"/>
  <testcase classname="pac2.DisableTest" name="registration" time="0.001"/>
  <testcase classname="pac2.DisableTest" name="registration" time="0.000"/>
  <testcase classname="pac2.DisableTest" name="registration" time="0.001"/>
  <testcase classname="pac2.DisableTest" name="registration" time="0.000"/>
  <testcase classname="pac2.DisableTest" name="registration" time="0.001"/>
  <testcase classname="pac2.DisableTest" name="registration" time="0.002"/>
  <testcase classname="pac2.DisableTest" name="registration" time="0.002"/>
  <testcase classname="pac2.DisableTest" name="registration" time="0.001"/>
  <testcase classname="pac2.DisableTest" name="registration" time="0.001"/>
  <testcase classname="pac2.DisableTest" name="registration" time="0.001"/>
  <testcase classname="pac2.DisableTest" name="registration" time="0.000"/>
  <testcase classname="pac2.DisableTest" name="registration" time="0.001"/>
  <testcase classname="pac2.DisableTest" name="registration" time="0.001"/>
  <testcase classname="pac2.DisableTest" name="registration" time="0.001"/>
  <testcase classname="pac2.DisableTest" name="registration" time="0.002"/>
  <testcase classname="pac2.DisableTest" name="registration" time="0.000"/>
  <testcase classname="pac2.DisableTest" name="registration" time="0.001"/>
  <testcase classname="pac2.DisableTest" name="registration" time="0.001"/>
  <testcase classname="pac2.DisableTest" name="registration" time="0.001"/>
  <testcase classname="pac2.DisableTest" name="registration" time="0.001"/>
  <testcase classname="pac2.DisableTest" name="registration" time="0.002"/>
  <testcase classname="pac2.DisableTest" name="Test1" time="0.010"/>
  <testcase classname="pac2.DisableTest" name="registration" time="0.001"/>
  <testcase classname="pac2.DisableTest" name="registration" time="0.001"/>
  <testcase classname="pac2.DisableTest" name="registration" time="0.001"/>
  <testcase classname="pac2.DisableTest" name="registration" time="0.001"/>
  <testcase classname="pac2.DisableTest" name="registration" time="0.001"/>
  <testcase classname="pac2.DisableTest" name="registration" time="0.001"/>
  <testcase classname="pac2.DisableTest" name="registration" time="0.001"/>
  <testcase classname="pac2.DisableTest" name="registration" time="0.000"/>
  <testcase classname="pac2.DisableTest" name="registration" time="0.001"/>
  <testcase classname="pac2.DisableTest" name="registration" time="0.001"/>
  <testcase classname="pac2.DisableTest" name="registration" time="0.001"/>
  <testcase classname="pac2.DisableTest" name="registration" time="0.001"/>
  <testcase classname="pac2.DisableTest" name="registration" time="0.001"/>
  <testcase classname="pac2.DisableTest" name="registration" time="0.001"/>
  <testcase classname="pac2.DisableTest" name="registration" time="0.001"/>
  <testcase classname="pac2.DisableTest" name="registration" time="0.001"/>
  <testcase classname="pac2.DisableTest" name="registration" time="0.001"/>
  <testcase classname="pac2.DisableTest" name="registration" time="0.000"/>
  <testcase classname="pac2.DisableTest" name="registration" time="0.001"/>
  <testcase classname="pac2.DisableTest" name="registration" time="0.001"/>
  <testcase classname="pac2.DisableTest" name="registration" time="0.002"/>
  <testcase classname="pac2.DisableTest" name="registration" time="0.001"/>
  <testcase classname="pac2.DisableTest" name="registration" time="0.001"/>
  <testcase classname="pac2.DisableTest" name="registration" time="0.001"/>
  <testcase classname="pac2.DisableTest" name="registration" time="0.001"/>
  <testcase classname="pac2.DisableTest" name="registration" time="0.001"/>
  <testcase classname="pac2.DisableTest" name="registration" time="0.002"/>
  <testcase classname="pac2.DisableTest" name="registration" time="0.001"/>
  <testcase classname="pac2.DisableTest" name="registration" time="0.000"/>
  <testcase classname="pac2.DisableTest" name="registration" time="0.001"/>
  <testcase classname="pac2.DisableTest" name="registration" time="0.001"/>
  <testcase classname="pac2.DisableTest" name="Test5">
    <skipped/>
  </testcase> <!-- Test5 -->
  <testcase classname="pac2.DisableTest" name="Test4">
    <skipped/>
  </testcase> <!-- Test4 -->
  <testcase classname="pac2.DisableTest" name="Test3">
    <skipped/>
  </testcase> <!-- Test3 -->
  <testcase classname="pac2.DisableTest" name="Test2">
    <skipped/>
  </testcase> <!-- Test2 -->
</testsuite> <!-- pac2.DisableTest -->
