<?xml version="1.0" encoding="UTF-8"?>
<!-- Generated by org.testng.reporters.JUnitReportReporter -->
<testsuite hostname="DESKTOP-J8QSM23" failures="0" tests="1" name="TestNGExecutions.AlertClassTest" time="13.945" errors="0" timestamp="2025-06-26T23:36:54 IST" skipped="0">
  <testcase classname="TestNGExecutions.AlertClassTest" name="AlertTest" time="13.945"/>
</testsuite> <!-- TestNGExecutions.AlertClassTest -->
