<?xml version="1.0" encoding="UTF-8"?>
<!-- Generated by org.testng.reporters.JUnitReportReporter -->
<testsuite hostname="DESKTOP-J8QSM23" failures="0" tests="1" name="SelectClass.SelectClass" time="38.737" errors="0" timestamp="2025-07-07T23:27:18 IST" skipped="0">
  <testcase classname="SelectClass.SelectClass" name="selectClass" time="38.737"/>
</testsuite> <!-- SelectClass.SelectClass -->
