<?xml version="1.0" encoding="UTF-8"?>
<!-- Generated by org.testng.reporters.JUnitReportReporter -->
<testsuite hostname="BRADY-LAPTOP" failures="0" tests="1" name="WindowHandling.AlertTest" time="7.242" errors="0" timestamp="2025-07-18T02:49:52 EDT" skipped="0">
  <testcase classname="WindowHandling.AlertTest" name="AlertTests" time="7.242"/>
</testsuite> <!-- WindowHandling.AlertTest -->
