<?xml version="1.0" encoding="UTF-8"?>
<!-- Generated by org.testng.reporters.JUnitReportReporter -->
<testsuite hostname="BRADY-LAPTOP" failures="0" tests="3" name="TestCases.FinalAssignmentTest" time="18.473" errors="0" timestamp="2025-07-27T21:01:41 EDT" skipped="0">
  <testcase classname="TestCases.FinalAssignmentTest" name="TC_DEMOQA_001" time="9.432"/>
  <testcase classname="TestCases.FinalAssignmentTest" name="TC_DEMOQA_002" time="4.697"/>
  <testcase classname="TestCases.FinalAssignmentTest" name="TC_DEMOQA_003" time="4.344"/>
</testsuite> <!-- TestCases.FinalAssignmentTest -->
