<?xml version="1.0" encoding="UTF-8"?>
<!-- Generated by org.testng.reporters.JUnitReportReporter -->
<testsuite hostname="BRADY-LAPTOP" failures="0" tests="1" name="TestCases.OrangeHrmLoginTest" time="3.991" errors="0" timestamp="2025-07-26T18:05:19 EDT" skipped="0">
  <testcase classname="TestCases.OrangeHrmLoginTest" name="loginTest" time="3.991"/>
</testsuite> <!-- TestCases.OrangeHrmLoginTest -->
