<?xml version="1.0" encoding="UTF-8"?>
<!-- Generated by org.testng.reporters.JUnitReportReporter -->
<testsuite hostname="DESKTOP-J8QSM23" failures="0" tests="1" name="MSExcelAutomation.MSExcelAutomationTest" time="2.448" errors="0" timestamp="2025-07-02T23:33:19 IST" skipped="0">
  <testcase classname="MSExcelAutomation.MSExcelAutomationTest" name="setExcelData" time="2.448"/>
</testsuite> <!-- MSExcelAutomation.MSExcelAutomationTest -->
