<?xml version="1.0" encoding="UTF-8"?>
<!-- Generated by org.testng.reporters.JUnitReportReporter -->
<testsuite hostname="BRADY-LAPTOP" failures="0" tests="1" name="WindowHandling.WindowSwitchingTest" time="23.268" errors="0" timestamp="2025-07-20T02:00:50 EDT" skipped="0">
  <testcase classname="WindowHandling.WindowSwitchingTest" name="SwitchWindowsTest" time="23.268"/>
</testsuite> <!-- WindowHandling.WindowSwitchingTest -->
