<?xml version="1.0" encoding="UTF-8"?>
<!-- Generated by org.testng.reporters.JUnitReportReporter -->
<testsuite hostname="BRADY-LAPTOP" failures="0" tests="3" name="TestNGExecutions.DemoQAFormTest" time="18.571" errors="0" timestamp="2025-07-27T19:44:05 EDT" skipped="0">
  <testcase classname="TestNGExecutions.DemoQAFormTest" name="TC_DEMOQA_001" time="9.730"/>
  <testcase classname="TestNGExecutions.DemoQAFormTest" name="TC_DEMOQA_002" time="4.632"/>
  <testcase classname="TestNGExecutions.DemoQAFormTest" name="TC_DEMOQA_003" time="4.209"/>
</testsuite> <!-- TestNGExecutions.DemoQAFormTest -->
