<?xml version="1.0" encoding="UTF-8"?>
<!-- Generated by org.testng.reporters.JUnitReportReporter -->
<testsuite hostname="BRADY-LAPTOP" failures="0" tests="2" name="TestNGExecutions.FrameHandling" time="27.909" errors="0" timestamp="2025-07-26T20:46:29 EDT" skipped="0">
  <testcase classname="TestNGExecutions.FrameHandling" name="nestedFrame" time="3.181"/>
  <testcase classname="TestNGExecutions.FrameHandling" name="frameHandling" time="24.728"/>
</testsuite> <!-- TestNGExecutions.FrameHandling -->
