<?xml version="1.0" encoding="UTF-8"?>
<!-- Generated by org.testng.reporters.JUnitReportReporter -->
<testsuite hostname="DESKTOP-J8QSM23" failures="0" tests="1" name="pac1.HardAssertest" time="0.020" errors="0" timestamp="2025-07-07T22:01:24 IST" skipped="0">
  <testcase classname="pac1.HardAssertest" name="LoginTest" time="0.020"/>
</testsuite> <!-- pac1.HardAssertest -->
