<?xml version="1.0" encoding="UTF-8"?>
<!-- Generated by org.testng.reporters.JUnitReportReporter -->
<testsuite hostname="BRADY-LAPTOP" failures="0" tests="3" name="pac3.DependsOnTest" time="0.011" errors="0" timestamp="2025-07-16T22:30:38 EDT" skipped="0">
  <testcase classname="pac3.DependsOnTest" name="Test2" time="0.001"/>
  <testcase classname="pac3.DependsOnTest" name="Test1" time="0.000"/>
  <testcase classname="pac3.DependsOnTest" name="Test3" time="0.010"/>
</testsuite> <!-- pac3.DependsOnTest -->
