<?xml version="1.0" encoding="UTF-8"?>
<!-- Generated by org.testng.reporters.JUnitReportReporter -->
<testsuite hostname="BRADY-LAPTOP" failures="0" tests="2" name="pac1.CustomerTest" time="0.008" errors="0" timestamp="2025-07-16T22:11:07 EDT" skipped="0">
  <testcase classname="pac1.CustomerTest" name="modifCustomerTest" time="0.002"/>
  <testcase classname="pac1.CustomerTest" name="createCustomerTest" time="0.006"/>
</testsuite> <!-- pac1.CustomerTest -->
